<?xml version="1.0" encoding="UTF-8"?>
<!-- Generated by org.testng.reporters.JUnitReportReporter -->
<testsuite hostname="purpletalk-Latitude-E5450" name="com.automation.test.ModelHandle" tests="1" failures="0" timestamp="31 May 2020 12:29:48 GMT" time="2.881" errors="0">
  <testcase name="modelHandle" time="2.881" classname="com.automation.test.ModelHandle"/>
</testsuite> <!-- com.automation.test.ModelHandle -->
