<?xml version="1.0" encoding="UTF-8"?>
<!-- Generated by org.testng.reporters.JUnitReportReporter -->
<testsuite hostname="purpletalk-Latitude-E5450" name="com.automation.test.TestngTwo" tests="6" failures="0" timestamp="21 May 2020 10:06:05 GMT" time="0.023" errors="0">
  <testcase name="testFourth" time="0.002" classname="com.automation.test.TestngTwo"/>
  <testcase name="testSix" time="0.013" classname="com.automation.test.TestngTwo"/>
  <testcase name="testFirst" time="0.002" classname="com.automation.test.TestngTwo"/>
  <testcase name="testThird" time="0.002" classname="com.automation.test.TestngTwo"/>
  <testcase name="testSecond" time="0.002" classname="com.automation.test.TestngTwo"/>
  <testcase name="testFive" time="0.002" classname="com.automation.test.TestngTwo"/>
</testsuite> <!-- com.automation.test.TestngTwo -->
