<?xml version="1.0" encoding="UTF-8"?>
<!-- Generated by org.testng.reporters.JUnitReportReporter -->
<testsuite hostname="purpletalk-Latitude-E5450" name="com.automation.test.TestngOne" tests="2" failures="0" timestamp="21 May 2020 10:01:52 GMT" time="0.023" errors="0">
  <testcase name="testFirst" time="0.018" classname="com.automation.test.TestngOne"/>
  <testcase name="testSecond" time="0.005" classname="com.automation.test.TestngOne"/>
</testsuite> <!-- com.automation.test.TestngOne -->
